2015-04-30 13:04:05 Error: [MissingHelperException] Helper class BoostCakeHtmlHelper could not be found.
Exception Attributes: array (
  'class' => 'BoostCakeHtmlHelper',
  'plugin' => 'BoostCake',
)
Request URL: /cebu_is_cool/
Stack Trace:
#0 /var/www/html/cebu_is_cool/lib/Cake/View/View.php(886): HelperCollection->load('Html', Array)
#1 /var/www/html/cebu_is_cool/lib/Cake/View/View.php(354): View->loadHelpers()
#2 /var/www/html/cebu_is_cool/lib/Cake/Controller/Controller.php(1241): View->__construct(Object(PagesController))
#3 /var/www/html/cebu_is_cool/lib/Cake/Controller/Controller.php(940): Controller->_getViewObject()
#4 /var/www/html/cebu_is_cool/app/Controller/PagesController.php(69): Controller->render('home')
#5 [internal function]: PagesController->display('home')
#6 /var/www/html/cebu_is_cool/lib/Cake/Controller/Controller.php(490): ReflectionMethod->invokeArgs(Object(PagesController), Array)
#7 /var/www/html/cebu_is_cool/lib/Cake/Routing/Dispatcher.php(191): Controller->invokeAction(Object(CakeRequest))
#8 /var/www/html/cebu_is_cool/lib/Cake/Routing/Dispatcher.php(165): Dispatcher->_invoke(Object(PagesController), Object(CakeRequest))
#9 /var/www/html/cebu_is_cool/app/webroot/index.php(108): Dispatcher->dispatch(Object(CakeRequest), Object(CakeResponse))
#10 {main}
2015-04-30 13:04:09 Error: [MissingHelperException] Helper class BoostCakeHtmlHelper could not be found.
Exception Attributes: array (
  'class' => 'BoostCakeHtmlHelper',
  'plugin' => 'BoostCake',
)
Request URL: /cebu_is_cool/
Stack Trace:
#0 /var/www/html/cebu_is_cool/lib/Cake/View/View.php(886): HelperCollection->load('Html', Array)
#1 /var/www/html/cebu_is_cool/lib/Cake/View/View.php(354): View->loadHelpers()
#2 /var/www/html/cebu_is_cool/lib/Cake/Controller/Controller.php(1241): View->__construct(Object(PagesController))
#3 /var/www/html/cebu_is_cool/lib/Cake/Controller/Controller.php(940): Controller->_getViewObject()
#4 /var/www/html/cebu_is_cool/app/Controller/PagesController.php(69): Controller->render('home')
#5 [internal function]: PagesController->display('home')
#6 /var/www/html/cebu_is_cool/lib/Cake/Controller/Controller.php(490): ReflectionMethod->invokeArgs(Object(PagesController), Array)
#7 /var/www/html/cebu_is_cool/lib/Cake/Routing/Dispatcher.php(191): Controller->invokeAction(Object(CakeRequest))
#8 /var/www/html/cebu_is_cool/lib/Cake/Routing/Dispatcher.php(165): Dispatcher->_invoke(Object(PagesController), Object(CakeRequest))
#9 /var/www/html/cebu_is_cool/app/webroot/index.php(108): Dispatcher->dispatch(Object(CakeRequest), Object(CakeResponse))
#10 {main}
2015-05-04 10:14:21 Error: Fatal Error (64): Cannot redeclare AppController::$components in [/var/www/html/cebu_is_cool/app/Controller/AppController.php, line 64]
2015-05-04 10:14:21 Error: [FatalErrorException] Cannot redeclare AppController::$components
Request URL: /cebu_is_cool/
Stack Trace:
#0 /var/www/html/cebu_is_cool/lib/Cake/Error/ErrorHandler.php(203): ErrorHandler::handleFatalError(64, 'Cannot redeclar...', '/var/www/html/c...', 64)
#1 [internal function]: ErrorHandler::handleError(64, 'Cannot redeclar...', '/var/www/html/c...', 64, Array)
#2 /var/www/html/cebu_is_cool/lib/Cake/Core/App.php(931): call_user_func('ErrorHandler::h...', 64, 'Cannot redeclar...', '/var/www/html/c...', 64, Array)
#3 /var/www/html/cebu_is_cool/lib/Cake/Core/App.php(904): App::_checkFatalError()
#4 [internal function]: App::shutdown()
#5 {main}
2015-05-04 10:14:26 Error: Fatal Error (64): Cannot redeclare AppController::$components in [/var/www/html/cebu_is_cool/app/Controller/AppController.php, line 64]
2015-05-04 10:14:26 Error: [FatalErrorException] Cannot redeclare AppController::$components
Request URL: /cebu_is_cool/
Stack Trace:
#0 /var/www/html/cebu_is_cool/lib/Cake/Error/ErrorHandler.php(203): ErrorHandler::handleFatalError(64, 'Cannot redeclar...', '/var/www/html/c...', 64)
#1 [internal function]: ErrorHandler::handleError(64, 'Cannot redeclar...', '/var/www/html/c...', 64, Array)
#2 /var/www/html/cebu_is_cool/lib/Cake/Core/App.php(931): call_user_func('ErrorHandler::h...', 64, 'Cannot redeclar...', '/var/www/html/c...', 64, Array)
#3 /var/www/html/cebu_is_cool/lib/Cake/Core/App.php(904): App::_checkFatalError()
#4 [internal function]: App::shutdown()
#5 {main}
2015-05-04 10:19:48 Error: Fatal Error (64): Cannot redeclare AppController::$components in [/var/www/html/cebu_is_cool/app/Controller/AppController.php, line 64]
2015-05-04 10:19:48 Error: [FatalErrorException] Cannot redeclare AppController::$components
Request URL: /cebu_is_cool/
Stack Trace:
#0 /var/www/html/cebu_is_cool/lib/Cake/Error/ErrorHandler.php(203): ErrorHandler::handleFatalError(64, 'Cannot redeclar...', '/var/www/html/c...', 64)
#1 [internal function]: ErrorHandler::handleError(64, 'Cannot redeclar...', '/var/www/html/c...', 64, Array)
#2 /var/www/html/cebu_is_cool/lib/Cake/Core/App.php(931): call_user_func('ErrorHandler::h...', 64, 'Cannot redeclar...', '/var/www/html/c...', 64, Array)
#3 /var/www/html/cebu_is_cool/lib/Cake/Core/App.php(904): App::_checkFatalError()
#4 [internal function]: App::shutdown()
#5 {main}
2015-05-04 10:25:10 Error: [MissingViewException] View file "/var/www/html/cebu_is_cool/app/View/Users/login.ctp" is missing.
Exception Attributes: array (
  'file' => '/var/www/html/cebu_is_cool/app/View/Users/login.ctp',
)
Request URL: /cebu_is_cool/users/login
Stack Trace:
#0 /var/www/html/cebu_is_cool/lib/Cake/View/View.php(468): View->_getViewFileName(NULL)
#1 /var/www/html/cebu_is_cool/lib/Cake/Controller/Controller.php(954): View->render(NULL, NULL)
#2 /var/www/html/cebu_is_cool/lib/Cake/Routing/Dispatcher.php(198): Controller->render()
#3 /var/www/html/cebu_is_cool/lib/Cake/Routing/Dispatcher.php(165): Dispatcher->_invoke(Object(UsersController), Object(CakeRequest))
#4 /var/www/html/cebu_is_cool/app/webroot/index.php(108): Dispatcher->dispatch(Object(CakeRequest), Object(CakeResponse))
#5 {main}
2015-05-04 10:25:53 Error: [MissingComponentException] Component class ToorbarComponent could not be found.
Exception Attributes: array (
  'class' => 'ToorbarComponent',
  'plugin' => 'DebugKit',
)
Request URL: /cebu_is_cool/users/login
Stack Trace:
#0 /var/www/html/cebu_is_cool/lib/Cake/Controller/ComponentCollection.php(53): ComponentCollection->load('DebugKit.Toorba...', Array)
#1 /var/www/html/cebu_is_cool/lib/Cake/Controller/Controller.php(643): ComponentCollection->init(Object(UsersController))
#2 /var/www/html/cebu_is_cool/lib/Cake/Routing/Dispatcher.php(186): Controller->constructClasses()
#3 /var/www/html/cebu_is_cool/lib/Cake/Routing/Dispatcher.php(165): Dispatcher->_invoke(Object(UsersController), Object(CakeRequest))
#4 /var/www/html/cebu_is_cool/app/webroot/index.php(108): Dispatcher->dispatch(Object(CakeRequest), Object(CakeResponse))
#5 {main}
2015-05-04 10:26:18 Error: [MissingViewException] View file "/var/www/html/cebu_is_cool/app/View/Users/login.ctp" is missing.
Exception Attributes: array (
  'file' => '/var/www/html/cebu_is_cool/app/View/Users/login.ctp',
)
Request URL: /cebu_is_cool/users/login
Stack Trace:
#0 /var/www/html/cebu_is_cool/lib/Cake/View/View.php(468): View->_getViewFileName(NULL)
#1 /var/www/html/cebu_is_cool/lib/Cake/Controller/Controller.php(954): View->render(NULL, NULL)
#2 /var/www/html/cebu_is_cool/lib/Cake/Routing/Dispatcher.php(198): Controller->render()
#3 /var/www/html/cebu_is_cool/lib/Cake/Routing/Dispatcher.php(165): Dispatcher->_invoke(Object(UsersController), Object(CakeRequest))
#4 /var/www/html/cebu_is_cool/app/webroot/index.php(108): Dispatcher->dispatch(Object(CakeRequest), Object(CakeResponse))
#5 {main}
2015-05-04 10:26:40 Error: Fatal Error (64): Cannot redeclare AppController::$components in [/var/www/html/cebu_is_cool/app/Controller/AppController.php, line 65]
2015-05-04 10:26:40 Error: [FatalErrorException] Cannot redeclare AppController::$components
Request URL: /cebu_is_cool/users/login
Stack Trace:
#0 /var/www/html/cebu_is_cool/lib/Cake/Error/ErrorHandler.php(203): ErrorHandler::handleFatalError(64, 'Cannot redeclar...', '/var/www/html/c...', 65)
#1 [internal function]: ErrorHandler::handleError(64, 'Cannot redeclar...', '/var/www/html/c...', 65, Array)
#2 /var/www/html/cebu_is_cool/lib/Cake/Core/App.php(931): call_user_func('ErrorHandler::h...', 64, 'Cannot redeclar...', '/var/www/html/c...', 65, Array)
#3 /var/www/html/cebu_is_cool/lib/Cake/Core/App.php(904): App::_checkFatalError()
#4 [internal function]: App::shutdown()
#5 {main}
2015-05-04 10:29:04 Error: [MissingViewException] View file "/var/www/html/cebu_is_cool/app/View/Users/login.ctp" is missing.
Exception Attributes: array (
  'file' => '/var/www/html/cebu_is_cool/app/View/Users/login.ctp',
)
Request URL: /cebu_is_cool/users/login
Stack Trace:
#0 /var/www/html/cebu_is_cool/lib/Cake/View/View.php(468): View->_getViewFileName(NULL)
#1 /var/www/html/cebu_is_cool/lib/Cake/Controller/Controller.php(954): View->render(NULL, NULL)
#2 /var/www/html/cebu_is_cool/lib/Cake/Routing/Dispatcher.php(198): Controller->render()
#3 /var/www/html/cebu_is_cool/lib/Cake/Routing/Dispatcher.php(165): Dispatcher->_invoke(Object(UsersController), Object(CakeRequest))
#4 /var/www/html/cebu_is_cool/app/webroot/index.php(108): Dispatcher->dispatch(Object(CakeRequest), Object(CakeResponse))
#5 {main}
2015-05-04 10:33:16 Error: [MissingViewException] View file "/var/www/html/cebu_is_cool/app/View/Users/login.ctp" is missing.
Exception Attributes: array (
  'file' => '/var/www/html/cebu_is_cool/app/View/Users/login.ctp',
)
Request URL: /cebu_is_cool/users/login
Stack Trace:
#0 /var/www/html/cebu_is_cool/lib/Cake/View/View.php(468): View->_getViewFileName(NULL)
#1 /var/www/html/cebu_is_cool/lib/Cake/Controller/Controller.php(954): View->render(NULL, NULL)
#2 /var/www/html/cebu_is_cool/lib/Cake/Routing/Dispatcher.php(198): Controller->render()
#3 /var/www/html/cebu_is_cool/lib/Cake/Routing/Dispatcher.php(165): Dispatcher->_invoke(Object(UsersController), Object(CakeRequest))
#4 /var/www/html/cebu_is_cool/app/webroot/index.php(108): Dispatcher->dispatch(Object(CakeRequest), Object(CakeResponse))
#5 {main}
2015-05-04 12:48:55 Error: Fatal Error (4): syntax error, unexpected ')', expecting ',' or ';' in [/var/www/html/cebu_is_cool/app/Controller/AppController.php, line 65]
2015-05-04 12:48:55 Error: [FatalErrorException] syntax error, unexpected ')', expecting ',' or ';'
Request URL: /cebu_is_cool/users/login
Stack Trace:
#0 /var/www/html/cebu_is_cool/lib/Cake/Error/ErrorHandler.php(203): ErrorHandler::handleFatalError(4, 'syntax error, u...', '/var/www/html/c...', 65)
#1 [internal function]: ErrorHandler::handleError(4, 'syntax error, u...', '/var/www/html/c...', 65, Array)
#2 /var/www/html/cebu_is_cool/lib/Cake/Core/App.php(931): call_user_func('ErrorHandler::h...', 4, 'syntax error, u...', '/var/www/html/c...', 65, Array)
#3 /var/www/html/cebu_is_cool/lib/Cake/Core/App.php(904): App::_checkFatalError()
#4 [internal function]: App::shutdown()
#5 {main}
2015-05-05 09:58:42 Error: Fatal Error (4): syntax error, unexpected ')', expecting ',' or ';' in [/var/www/html/cebu_is_cool/app/Controller/AppController.php, line 65]
2015-05-05 09:58:42 Error: [FatalErrorException] syntax error, unexpected ')', expecting ',' or ';'
Request URL: /cebu_is_cool/
Stack Trace:
#0 /var/www/html/cebu_is_cool/lib/Cake/Error/ErrorHandler.php(203): ErrorHandler::handleFatalError(4, 'syntax error, u...', '/var/www/html/c...', 65)
#1 [internal function]: ErrorHandler::handleError(4, 'syntax error, u...', '/var/www/html/c...', 65, Array)
#2 /var/www/html/cebu_is_cool/lib/Cake/Core/App.php(931): call_user_func('ErrorHandler::h...', 4, 'syntax error, u...', '/var/www/html/c...', 65, Array)
#3 /var/www/html/cebu_is_cool/lib/Cake/Core/App.php(904): App::_checkFatalError()
#4 [internal function]: App::shutdown()
#5 {main}
2015-05-05 10:02:01 Error: Fatal Error (4): syntax error, unexpected ')', expecting ',' or ';' in [/var/www/html/cebu_is_cool/app/Controller/AppController.php, line 65]
2015-05-05 10:02:01 Error: [FatalErrorException] syntax error, unexpected ')', expecting ',' or ';'
Request URL: /cebu_is_cool/
Stack Trace:
#0 /var/www/html/cebu_is_cool/lib/Cake/Error/ErrorHandler.php(203): ErrorHandler::handleFatalError(4, 'syntax error, u...', '/var/www/html/c...', 65)
#1 [internal function]: ErrorHandler::handleError(4, 'syntax error, u...', '/var/www/html/c...', 65, Array)
#2 /var/www/html/cebu_is_cool/lib/Cake/Core/App.php(931): call_user_func('ErrorHandler::h...', 4, 'syntax error, u...', '/var/www/html/c...', 65, Array)
#3 /var/www/html/cebu_is_cool/lib/Cake/Core/App.php(904): App::_checkFatalError()
#4 [internal function]: App::shutdown()
#5 {main}
2015-05-05 10:02:05 Error: Fatal Error (4): syntax error, unexpected ')', expecting ',' or ';' in [/var/www/html/cebu_is_cool/app/Controller/AppController.php, line 65]
2015-05-05 10:02:05 Error: [FatalErrorException] syntax error, unexpected ')', expecting ',' or ';'
Request URL: /cebu_is_cool/
Stack Trace:
#0 /var/www/html/cebu_is_cool/lib/Cake/Error/ErrorHandler.php(203): ErrorHandler::handleFatalError(4, 'syntax error, u...', '/var/www/html/c...', 65)
#1 [internal function]: ErrorHandler::handleError(4, 'syntax error, u...', '/var/www/html/c...', 65, Array)
#2 /var/www/html/cebu_is_cool/lib/Cake/Core/App.php(931): call_user_func('ErrorHandler::h...', 4, 'syntax error, u...', '/var/www/html/c...', 65, Array)
#3 /var/www/html/cebu_is_cool/lib/Cake/Core/App.php(904): App::_checkFatalError()
#4 [internal function]: App::shutdown()
#5 {main}
2015-05-05 10:03:47 Error: Fatal Error (4): syntax error, unexpected ')', expecting ',' or ';' in [/var/www/html/cebu_is_cool/app/Controller/AppController.php, line 65]
2015-05-05 10:03:47 Error: [FatalErrorException] syntax error, unexpected ')', expecting ',' or ';'
Request URL: /cebu_is_cool/
Stack Trace:
#0 /var/www/html/cebu_is_cool/lib/Cake/Error/ErrorHandler.php(203): ErrorHandler::handleFatalError(4, 'syntax error, u...', '/var/www/html/c...', 65)
#1 [internal function]: ErrorHandler::handleError(4, 'syntax error, u...', '/var/www/html/c...', 65, Array)
#2 /var/www/html/cebu_is_cool/lib/Cake/Core/App.php(931): call_user_func('ErrorHandler::h...', 4, 'syntax error, u...', '/var/www/html/c...', 65, Array)
#3 /var/www/html/cebu_is_cool/lib/Cake/Core/App.php(904): App::_checkFatalError()
#4 [internal function]: App::shutdown()
#5 {main}
2015-05-05 10:09:40 Error: Fatal Error (4): syntax error, unexpected ')', expecting ',' or ';' in [/var/www/html/cebu_is_cool/app/Controller/AppController.php, line 65]
2015-05-05 10:09:40 Error: [FatalErrorException] syntax error, unexpected ')', expecting ',' or ';'
Request URL: /cebu_is_cool/
Stack Trace:
#0 /var/www/html/cebu_is_cool/lib/Cake/Error/ErrorHandler.php(203): ErrorHandler::handleFatalError(4, 'syntax error, u...', '/var/www/html/c...', 65)
#1 [internal function]: ErrorHandler::handleError(4, 'syntax error, u...', '/var/www/html/c...', 65, Array)
#2 /var/www/html/cebu_is_cool/lib/Cake/Core/App.php(931): call_user_func('ErrorHandler::h...', 4, 'syntax error, u...', '/var/www/html/c...', 65, Array)
#3 /var/www/html/cebu_is_cool/lib/Cake/Core/App.php(904): App::_checkFatalError()
#4 [internal function]: App::shutdown()
#5 {main}
2015-05-05 10:12:14 Error: Fatal Error (4): syntax error, unexpected ')', expecting ',' or ';' in [/var/www/html/cebu_is_cool/app/Controller/AppController.php, line 65]
2015-05-05 10:12:14 Error: [FatalErrorException] syntax error, unexpected ')', expecting ',' or ';'
Request URL: /cebu_is_cool/
Stack Trace:
#0 /var/www/html/cebu_is_cool/lib/Cake/Error/ErrorHandler.php(203): ErrorHandler::handleFatalError(4, 'syntax error, u...', '/var/www/html/c...', 65)
#1 [internal function]: ErrorHandler::handleError(4, 'syntax error, u...', '/var/www/html/c...', 65, Array)
#2 /var/www/html/cebu_is_cool/lib/Cake/Core/App.php(931): call_user_func('ErrorHandler::h...', 4, 'syntax error, u...', '/var/www/html/c...', 65, Array)
#3 /var/www/html/cebu_is_cool/lib/Cake/Core/App.php(904): App::_checkFatalError()
#4 [internal function]: App::shutdown()
#5 {main}
2015-05-05 10:14:29 Error: Fatal Error (4): syntax error, unexpected ')', expecting ',' or ';' in [/var/www/html/cebu_is_cool/app/Controller/AppController.php, line 65]
2015-05-05 10:14:29 Error: [FatalErrorException] syntax error, unexpected ')', expecting ',' or ';'
Request URL: /cebu_is_cool/
Stack Trace:
#0 /var/www/html/cebu_is_cool/lib/Cake/Error/ErrorHandler.php(203): ErrorHandler::handleFatalError(4, 'syntax error, u...', '/var/www/html/c...', 65)
#1 [internal function]: ErrorHandler::handleError(4, 'syntax error, u...', '/var/www/html/c...', 65, Array)
#2 /var/www/html/cebu_is_cool/lib/Cake/Core/App.php(931): call_user_func('ErrorHandler::h...', 4, 'syntax error, u...', '/var/www/html/c...', 65, Array)
#3 /var/www/html/cebu_is_cool/lib/Cake/Core/App.php(904): App::_checkFatalError()
#4 [internal function]: App::shutdown()
#5 {main}
2015-05-05 10:15:07 Error: Fatal Error (1): Call to a member function allow() on a non-object in [/var/www/html/cebu_is_cool/app/Controller/AppController.php, line 47]
2015-05-05 10:15:07 Error: [FatalErrorException] Call to a member function allow() on a non-object
Request URL: /cebu_is_cool/
Stack Trace:
#0 /var/www/html/cebu_is_cool/lib/Cake/Error/ErrorHandler.php(203): ErrorHandler::handleFatalError(1, 'Call to a membe...', '/var/www/html/c...', 47)
#1 [internal function]: ErrorHandler::handleError(1, 'Call to a membe...', '/var/www/html/c...', 47, Array)
#2 /var/www/html/cebu_is_cool/lib/Cake/Core/App.php(931): call_user_func('ErrorHandler::h...', 1, 'Call to a membe...', '/var/www/html/c...', 47, Array)
#3 /var/www/html/cebu_is_cool/lib/Cake/Core/App.php(904): App::_checkFatalError()
#4 [internal function]: App::shutdown()
#5 {main}
2015-05-05 10:15:30 Error: Fatal Error (4): syntax error, unexpected ')', expecting ',' or ';' in [/var/www/html/cebu_is_cool/app/Controller/AppController.php, line 55]
2015-05-05 10:15:30 Error: [FatalErrorException] syntax error, unexpected ')', expecting ',' or ';'
Request URL: /cebu_is_cool/
Stack Trace:
#0 /var/www/html/cebu_is_cool/lib/Cake/Error/ErrorHandler.php(203): ErrorHandler::handleFatalError(4, 'syntax error, u...', '/var/www/html/c...', 55)
#1 [internal function]: ErrorHandler::handleError(4, 'syntax error, u...', '/var/www/html/c...', 55, Array)
#2 /var/www/html/cebu_is_cool/lib/Cake/Core/App.php(931): call_user_func('ErrorHandler::h...', 4, 'syntax error, u...', '/var/www/html/c...', 55, Array)
#3 /var/www/html/cebu_is_cool/lib/Cake/Core/App.php(904): App::_checkFatalError()
#4 [internal function]: App::shutdown()
#5 {main}
2015-05-05 10:16:25 Error: [MissingComponentException] Component class logoutRedirectComponent could not be found.
Exception Attributes: array (
  'class' => 'logoutRedirectComponent',
  'plugin' => false,
)
Request URL: /cebu_is_cool/
Stack Trace:
#0 /var/www/html/cebu_is_cool/lib/Cake/Controller/ComponentCollection.php(53): ComponentCollection->load('logoutRedirect', Array)
#1 /var/www/html/cebu_is_cool/lib/Cake/Controller/Controller.php(643): ComponentCollection->init(Object(PagesController))
#2 /var/www/html/cebu_is_cool/lib/Cake/Routing/Dispatcher.php(186): Controller->constructClasses()
#3 /var/www/html/cebu_is_cool/lib/Cake/Routing/Dispatcher.php(165): Dispatcher->_invoke(Object(PagesController), Object(CakeRequest))
#4 /var/www/html/cebu_is_cool/app/webroot/index.php(108): Dispatcher->dispatch(Object(CakeRequest), Object(CakeResponse))
#5 {main}
2015-05-05 10:16:38 Error: Fatal Error (4): syntax error, unexpected ')', expecting ',' or ';' in [/var/www/html/cebu_is_cool/app/Controller/AppController.php, line 55]
2015-05-05 10:16:38 Error: [FatalErrorException] syntax error, unexpected ')', expecting ',' or ';'
Request URL: /cebu_is_cool/
Stack Trace:
#0 /var/www/html/cebu_is_cool/lib/Cake/Error/ErrorHandler.php(203): ErrorHandler::handleFatalError(4, 'syntax error, u...', '/var/www/html/c...', 55)
#1 [internal function]: ErrorHandler::handleError(4, 'syntax error, u...', '/var/www/html/c...', 55, Array)
#2 /var/www/html/cebu_is_cool/lib/Cake/Core/App.php(931): call_user_func('ErrorHandler::h...', 4, 'syntax error, u...', '/var/www/html/c...', 55, Array)
#3 /var/www/html/cebu_is_cool/lib/Cake/Core/App.php(904): App::_checkFatalError()
#4 [internal function]: App::shutdown()
#5 {main}
2015-05-05 10:18:50 Error: Fatal Error (1): Call to a member function allow() on a non-object in [/var/www/html/cebu_is_cool/app/Controller/AppController.php, line 53]
2015-05-05 10:18:50 Error: [FatalErrorException] Call to a member function allow() on a non-object
Request URL: /cebu_is_cool/
Stack Trace:
#0 /var/www/html/cebu_is_cool/lib/Cake/Error/ErrorHandler.php(203): ErrorHandler::handleFatalError(1, 'Call to a membe...', '/var/www/html/c...', 53)
#1 [internal function]: ErrorHandler::handleError(1, 'Call to a membe...', '/var/www/html/c...', 53, Array)
#2 /var/www/html/cebu_is_cool/lib/Cake/Core/App.php(931): call_user_func('ErrorHandler::h...', 1, 'Call to a membe...', '/var/www/html/c...', 53, Array)
#3 /var/www/html/cebu_is_cool/lib/Cake/Core/App.php(904): App::_checkFatalError()
#4 [internal function]: App::shutdown()
#5 {main}
2015-05-05 10:26:03 Error: [MissingControllerException] Controller class UserController could not be found.
Exception Attributes: array (
  'class' => 'UserController',
  'plugin' => NULL,
)
Request URL: /cebu_is_cool/user/add
Stack Trace:
#0 /var/www/html/cebu_is_cool/app/webroot/index.php(108): Dispatcher->dispatch(Object(CakeRequest), Object(CakeResponse))
#1 {main}
2015-05-05 10:35:19 Error: [MissingControllerException] Controller class UserController could not be found.
Exception Attributes: array (
  'class' => 'UserController',
  'plugin' => NULL,
)
Request URL: /cebu_is_cool/user/add
Stack Trace:
#0 /var/www/html/cebu_is_cool/app/webroot/index.php(108): Dispatcher->dispatch(Object(CakeRequest), Object(CakeResponse))
#1 {main}
2015-05-05 10:35:23 Error: [MissingControllerException] Controller class UserController could not be found.
Exception Attributes: array (
  'class' => 'UserController',
  'plugin' => NULL,
)
Request URL: /cebu_is_cool/user/add/
Stack Trace:
#0 /var/www/html/cebu_is_cool/app/webroot/index.php(108): Dispatcher->dispatch(Object(CakeRequest), Object(CakeResponse))
#1 {main}
2015-05-05 10:36:21 Error: [MissingControllerException] Controller class UserController could not be found.
Exception Attributes: array (
  'class' => 'UserController',
  'plugin' => NULL,
)
Request URL: /cebu_is_cool/user/add/
Stack Trace:
#0 /var/www/html/cebu_is_cool/app/webroot/index.php(108): Dispatcher->dispatch(Object(CakeRequest), Object(CakeResponse))
#1 {main}
2015-05-05 10:37:34 Error: [MissingControllerException] Controller class UserController could not be found.
Exception Attributes: array (
  'class' => 'UserController',
  'plugin' => NULL,
)
Request URL: /cebu_is_cool/user/add/
Stack Trace:
#0 /var/www/html/cebu_is_cool/app/webroot/index.php(108): Dispatcher->dispatch(Object(CakeRequest), Object(CakeResponse))
#1 {main}
2015-05-05 10:37:41 Error: [MissingControllerException] Controller class UserController could not be found.
Exception Attributes: array (
  'class' => 'UserController',
  'plugin' => NULL,
)
Request URL: /cebu_is_cool/user/add/
Stack Trace:
#0 /var/www/html/cebu_is_cool/app/webroot/index.php(108): Dispatcher->dispatch(Object(CakeRequest), Object(CakeResponse))
#1 {main}
2015-05-05 10:41:45 Error: Fatal Error (4): syntax error, unexpected T_PUBLIC in [/var/www/html/cebu_is_cool/app/Controller/PostsController.php, line 2]
2015-05-05 10:41:45 Error: [FatalErrorException] syntax error, unexpected T_PUBLIC
Request URL: /cebu_is_cool/posts/add/
Stack Trace:
#0 /var/www/html/cebu_is_cool/lib/Cake/Error/ErrorHandler.php(203): ErrorHandler::handleFatalError(4, 'syntax error, u...', '/var/www/html/c...', 2)
#1 [internal function]: ErrorHandler::handleError(4, 'syntax error, u...', '/var/www/html/c...', 2, Array)
#2 /var/www/html/cebu_is_cool/lib/Cake/Core/App.php(931): call_user_func('ErrorHandler::h...', 4, 'syntax error, u...', '/var/www/html/c...', 2, Array)
#3 /var/www/html/cebu_is_cool/lib/Cake/Core/App.php(904): App::_checkFatalError()
#4 [internal function]: App::shutdown()
#5 {main}
2015-05-05 10:58:40 Error: [MissingControllerException] Controller class UserController could not be found.
Exception Attributes: array (
  'class' => 'UserController',
  'plugin' => NULL,
)
Request URL: /cebu_is_cool/user/add
Stack Trace:
#0 /var/www/html/cebu_is_cool/app/webroot/index.php(108): Dispatcher->dispatch(Object(CakeRequest), Object(CakeResponse))
#1 {main}
2015-05-05 10:59:29 Error: [MissingViewException] View file "/var/www/html/cebu_is_cool/app/View/Users/index.ctp" is missing.
Exception Attributes: array (
  'file' => '/var/www/html/cebu_is_cool/app/View/Users/index.ctp',
)
Request URL: /cebu_is_cool/users
Stack Trace:
#0 /var/www/html/cebu_is_cool/lib/Cake/View/View.php(468): View->_getViewFileName(NULL)
#1 /var/www/html/cebu_is_cool/lib/Cake/Controller/Controller.php(954): View->render(NULL, NULL)
#2 /var/www/html/cebu_is_cool/lib/Cake/Routing/Dispatcher.php(198): Controller->render()
#3 /var/www/html/cebu_is_cool/lib/Cake/Routing/Dispatcher.php(165): Dispatcher->_invoke(Object(UsersController), Object(CakeRequest))
#4 /var/www/html/cebu_is_cool/app/webroot/index.php(108): Dispatcher->dispatch(Object(CakeRequest), Object(CakeResponse))
#5 {main}
2015-05-05 11:00:11 Error: [MissingViewException] View file "/var/www/html/cebu_is_cool/app/View/Users/index.ctp" is missing.
Exception Attributes: array (
  'file' => '/var/www/html/cebu_is_cool/app/View/Users/index.ctp',
)
Request URL: /cebu_is_cool/users
Stack Trace:
#0 /var/www/html/cebu_is_cool/lib/Cake/View/View.php(468): View->_getViewFileName(NULL)
#1 /var/www/html/cebu_is_cool/lib/Cake/Controller/Controller.php(954): View->render(NULL, NULL)
#2 /var/www/html/cebu_is_cool/lib/Cake/Routing/Dispatcher.php(198): Controller->render()
#3 /var/www/html/cebu_is_cool/lib/Cake/Routing/Dispatcher.php(165): Dispatcher->_invoke(Object(UsersController), Object(CakeRequest))
#4 /var/www/html/cebu_is_cool/app/webroot/index.php(108): Dispatcher->dispatch(Object(CakeRequest), Object(CakeResponse))
#5 {main}
2015-05-05 11:07:36 Error: Fatal Error (4): syntax error, unexpected T_PUBLIC in [/var/www/html/cebu_is_cool/app/Controller/PostsController.php, line 2]
2015-05-05 11:07:36 Error: [FatalErrorException] syntax error, unexpected T_PUBLIC
Request URL: /cebu_is_cool/posts/add/
Stack Trace:
#0 /var/www/html/cebu_is_cool/lib/Cake/Error/ErrorHandler.php(203): ErrorHandler::handleFatalError(4, 'syntax error, u...', '/var/www/html/c...', 2)
#1 [internal function]: ErrorHandler::handleError(4, 'syntax error, u...', '/var/www/html/c...', 2, Array)
#2 /var/www/html/cebu_is_cool/lib/Cake/Core/App.php(931): call_user_func('ErrorHandler::h...', 4, 'syntax error, u...', '/var/www/html/c...', 2, Array)
#3 /var/www/html/cebu_is_cool/lib/Cake/Core/App.php(904): App::_checkFatalError()
#4 [internal function]: App::shutdown()
#5 {main}
2015-05-05 11:21:59 Error: Fatal Error (4): syntax error, unexpected T_PUBLIC in [/var/www/html/cebu_is_cool/app/Controller/PostsController.php, line 2]
2015-05-05 11:21:59 Error: [FatalErrorException] syntax error, unexpected T_PUBLIC
Request URL: /cebu_is_cool/posts/add/
Stack Trace:
#0 /var/www/html/cebu_is_cool/lib/Cake/Error/ErrorHandler.php(203): ErrorHandler::handleFatalError(4, 'syntax error, u...', '/var/www/html/c...', 2)
#1 [internal function]: ErrorHandler::handleError(4, 'syntax error, u...', '/var/www/html/c...', 2, Array)
#2 /var/www/html/cebu_is_cool/lib/Cake/Core/App.php(931): call_user_func('ErrorHandler::h...', 4, 'syntax error, u...', '/var/www/html/c...', 2, Array)
#3 /var/www/html/cebu_is_cool/lib/Cake/Core/App.php(904): App::_checkFatalError()
#4 [internal function]: App::shutdown()
#5 {main}
2015-05-05 11:24:51 Error: [MissingControllerException] Controller class LoginController could not be found.
Exception Attributes: array (
  'class' => 'LoginController',
  'plugin' => NULL,
)
Request URL: /cebu_is_cool/login
Stack Trace:
#0 /var/www/html/cebu_is_cool/app/webroot/index.php(108): Dispatcher->dispatch(Object(CakeRequest), Object(CakeResponse))
#1 {main}
2015-05-05 23:49:58 Error: Fatal Error (4): syntax error, unexpected ';' in [/var/www/html/cebu_is_cool/app/View/Users/login.ctp, line 27]
2015-05-05 23:49:58 Error: [FatalErrorException] syntax error, unexpected ';'
Request URL: /cebu_is_cool/users/login
Stack Trace:
#0 /var/www/html/cebu_is_cool/lib/Cake/Error/ErrorHandler.php(203): ErrorHandler::handleFatalError(4, 'syntax error, u...', '/var/www/html/c...', 27)
#1 [internal function]: ErrorHandler::handleError(4, 'syntax error, u...', '/var/www/html/c...', 27, Array)
#2 /var/www/html/cebu_is_cool/lib/Cake/Core/App.php(931): call_user_func('ErrorHandler::h...', 4, 'syntax error, u...', '/var/www/html/c...', 27, Array)
#3 /var/www/html/cebu_is_cool/lib/Cake/Core/App.php(904): App::_checkFatalError()
#4 [internal function]: App::shutdown()
#5 {main}
2015-05-05 23:50:48 Error: Fatal Error (4): syntax error, unexpected ';' in [/var/www/html/cebu_is_cool/app/View/Users/login.ctp, line 27]
2015-05-05 23:50:48 Error: [FatalErrorException] syntax error, unexpected ';'
Request URL: /cebu_is_cool/users/login
Stack Trace:
#0 /var/www/html/cebu_is_cool/lib/Cake/Error/ErrorHandler.php(203): ErrorHandler::handleFatalError(4, 'syntax error, u...', '/var/www/html/c...', 27)
#1 [internal function]: ErrorHandler::handleError(4, 'syntax error, u...', '/var/www/html/c...', 27, Array)
#2 /var/www/html/cebu_is_cool/lib/Cake/Core/App.php(931): call_user_func('ErrorHandler::h...', 4, 'syntax error, u...', '/var/www/html/c...', 27, Array)
#3 /var/www/html/cebu_is_cool/lib/Cake/Core/App.php(904): App::_checkFatalError()
#4 [internal function]: App::shutdown()
#5 {main}
2015-05-05 23:55:28 Error: Fatal Error (4): syntax error, unexpected T_ARRAY in [/var/www/html/cebu_is_cool/app/View/Users/login.ctp, line 27]
2015-05-05 23:55:28 Error: [FatalErrorException] syntax error, unexpected T_ARRAY
Request URL: /cebu_is_cool/users/login
Stack Trace:
#0 /var/www/html/cebu_is_cool/lib/Cake/Error/ErrorHandler.php(203): ErrorHandler::handleFatalError(4, 'syntax error, u...', '/var/www/html/c...', 27)
#1 [internal function]: ErrorHandler::handleError(4, 'syntax error, u...', '/var/www/html/c...', 27, Array)
#2 /var/www/html/cebu_is_cool/lib/Cake/Core/App.php(931): call_user_func('ErrorHandler::h...', 4, 'syntax error, u...', '/var/www/html/c...', 27, Array)
#3 /var/www/html/cebu_is_cool/lib/Cake/Core/App.php(904): App::_checkFatalError()
#4 [internal function]: App::shutdown()
#5 {main}
2015-05-06 11:04:56 Error: Fatal Error (4): syntax error, unexpected '=', expecting ')' in [/var/www/html/cebu_is_cool/app/View/Users/login.ctp, line 25]
2015-05-06 11:04:56 Error: [FatalErrorException] syntax error, unexpected '=', expecting ')'
Request URL: /cebu_is_cool/users/login
Stack Trace:
#0 /var/www/html/cebu_is_cool/lib/Cake/Error/ErrorHandler.php(203): ErrorHandler::handleFatalError(4, 'syntax error, u...', '/var/www/html/c...', 25)
#1 [internal function]: ErrorHandler::handleError(4, 'syntax error, u...', '/var/www/html/c...', 25, Array)
#2 /var/www/html/cebu_is_cool/lib/Cake/Core/App.php(931): call_user_func('ErrorHandler::h...', 4, 'syntax error, u...', '/var/www/html/c...', 25, Array)
#3 /var/www/html/cebu_is_cool/lib/Cake/Core/App.php(904): App::_checkFatalError()
#4 [internal function]: App::shutdown()
#5 {main}
2015-05-06 11:23:23 Error: Fatal Error (4): syntax error, unexpected T_DOUBLE_ARROW in [/var/www/html/cebu_is_cool/app/View/Users/login.ctp, line 27]
2015-05-06 11:23:23 Error: [FatalErrorException] syntax error, unexpected T_DOUBLE_ARROW
Request URL: /cebu_is_cool/users/login
Stack Trace:
#0 /var/www/html/cebu_is_cool/lib/Cake/Error/ErrorHandler.php(203): ErrorHandler::handleFatalError(4, 'syntax error, u...', '/var/www/html/c...', 27)
#1 [internal function]: ErrorHandler::handleError(4, 'syntax error, u...', '/var/www/html/c...', 27, Array)
#2 /var/www/html/cebu_is_cool/lib/Cake/Core/App.php(931): call_user_func('ErrorHandler::h...', 4, 'syntax error, u...', '/var/www/html/c...', 27, Array)
#3 /var/www/html/cebu_is_cool/lib/Cake/Core/App.php(904): App::_checkFatalError()
#4 [internal function]: App::shutdown()
#5 {main}
2015-05-06 11:37:37 Error: [MissingControllerException] Controller class LogoutController could not be found.
Exception Attributes: array (
  'class' => 'LogoutController',
  'plugin' => NULL,
)
Request URL: /cebu_is_cool/logout
Stack Trace:
#0 /var/www/html/cebu_is_cool/app/webroot/index.php(108): Dispatcher->dispatch(Object(CakeRequest), Object(CakeResponse))
#1 {main}
2015-05-06 11:37:41 Error: [MissingControllerException] Controller class LogoutsController could not be found.
Exception Attributes: array (
  'class' => 'LogoutsController',
  'plugin' => NULL,
)
Request URL: /cebu_is_cool/logouts
Stack Trace:
#0 /var/www/html/cebu_is_cool/app/webroot/index.php(108): Dispatcher->dispatch(Object(CakeRequest), Object(CakeResponse))
#1 {main}
2015-05-06 12:05:27 Error: [MissingControllerException] Controller class AddController could not be found.
Exception Attributes: array (
  'class' => 'AddController',
  'plugin' => NULL,
)
Request URL: /cebu_is_cool/add
Stack Trace:
#0 /var/www/html/cebu_is_cool/app/webroot/index.php(108): Dispatcher->dispatch(Object(CakeRequest), Object(CakeResponse))
#1 {main}
2015-05-06 12:08:57 Error: Fatal Error (4): syntax error, unexpected ';' in [/var/www/html/cebu_is_cool/app/View/Users/add.ctp, line 7]
2015-05-06 12:08:57 Error: [FatalErrorException] syntax error, unexpected ';'
Request URL: /cebu_is_cool/users/add
Stack Trace:
#0 /var/www/html/cebu_is_cool/lib/Cake/Error/ErrorHandler.php(203): ErrorHandler::handleFatalError(4, 'syntax error, u...', '/var/www/html/c...', 7)
#1 [internal function]: ErrorHandler::handleError(4, 'syntax error, u...', '/var/www/html/c...', 7, Array)
#2 /var/www/html/cebu_is_cool/lib/Cake/Core/App.php(931): call_user_func('ErrorHandler::h...', 4, 'syntax error, u...', '/var/www/html/c...', 7, Array)
#3 /var/www/html/cebu_is_cool/lib/Cake/Core/App.php(904): App::_checkFatalError()
#4 [internal function]: App::shutdown()
#5 {main}
2015-05-06 12:09:37 Error: Fatal Error (4): syntax error, unexpected ';' in [/var/www/html/cebu_is_cool/app/View/Users/add.ctp, line 7]
2015-05-06 12:09:37 Error: [FatalErrorException] syntax error, unexpected ';'
Request URL: /cebu_is_cool/users/add
Stack Trace:
#0 /var/www/html/cebu_is_cool/lib/Cake/Error/ErrorHandler.php(203): ErrorHandler::handleFatalError(4, 'syntax error, u...', '/var/www/html/c...', 7)
#1 [internal function]: ErrorHandler::handleError(4, 'syntax error, u...', '/var/www/html/c...', 7, Array)
#2 /var/www/html/cebu_is_cool/lib/Cake/Core/App.php(931): call_user_func('ErrorHandler::h...', 4, 'syntax error, u...', '/var/www/html/c...', 7, Array)
#3 /var/www/html/cebu_is_cool/lib/Cake/Core/App.php(904): App::_checkFatalError()
#4 [internal function]: App::shutdown()
#5 {main}
2015-05-06 12:11:00 Error: Fatal Error (4): syntax error, unexpected T_ECHO in [/var/www/html/cebu_is_cool/app/View/Users/add.ctp, line 8]
2015-05-06 12:11:00 Error: [FatalErrorException] syntax error, unexpected T_ECHO
Request URL: /cebu_is_cool/users/add
Stack Trace:
#0 /var/www/html/cebu_is_cool/lib/Cake/Error/ErrorHandler.php(203): ErrorHandler::handleFatalError(4, 'syntax error, u...', '/var/www/html/c...', 8)
#1 [internal function]: ErrorHandler::handleError(4, 'syntax error, u...', '/var/www/html/c...', 8, Array)
#2 /var/www/html/cebu_is_cool/lib/Cake/Core/App.php(931): call_user_func('ErrorHandler::h...', 4, 'syntax error, u...', '/var/www/html/c...', 8, Array)
#3 /var/www/html/cebu_is_cool/lib/Cake/Core/App.php(904): App::_checkFatalError()
#4 [internal function]: App::shutdown()
#5 {main}
2015-05-06 12:14:03 Error: Fatal Error (4): syntax error, unexpected ';' in [/var/www/html/cebu_is_cool/app/View/Users/add.ctp, line 7]
2015-05-06 12:14:03 Error: [FatalErrorException] syntax error, unexpected ';'
Request URL: /cebu_is_cool/users/add
Stack Trace:
#0 /var/www/html/cebu_is_cool/lib/Cake/Error/ErrorHandler.php(203): ErrorHandler::handleFatalError(4, 'syntax error, u...', '/var/www/html/c...', 7)
#1 [internal function]: ErrorHandler::handleError(4, 'syntax error, u...', '/var/www/html/c...', 7, Array)
#2 /var/www/html/cebu_is_cool/lib/Cake/Core/App.php(931): call_user_func('ErrorHandler::h...', 4, 'syntax error, u...', '/var/www/html/c...', 7, Array)
#3 /var/www/html/cebu_is_cool/lib/Cake/Core/App.php(904): App::_checkFatalError()
#4 [internal function]: App::shutdown()
#5 {main}
2015-05-06 12:14:07 Error: Fatal Error (4): syntax error, unexpected ';' in [/var/www/html/cebu_is_cool/app/View/Users/add.ctp, line 7]
2015-05-06 12:14:07 Error: [FatalErrorException] syntax error, unexpected ';'
Request URL: /cebu_is_cool/users/add
Stack Trace:
#0 /var/www/html/cebu_is_cool/lib/Cake/Error/ErrorHandler.php(203): ErrorHandler::handleFatalError(4, 'syntax error, u...', '/var/www/html/c...', 7)
#1 [internal function]: ErrorHandler::handleError(4, 'syntax error, u...', '/var/www/html/c...', 7, Array)
#2 /var/www/html/cebu_is_cool/lib/Cake/Core/App.php(931): call_user_func('ErrorHandler::h...', 4, 'syntax error, u...', '/var/www/html/c...', 7, Array)
#3 /var/www/html/cebu_is_cool/lib/Cake/Core/App.php(904): App::_checkFatalError()
#4 [internal function]: App::shutdown()
#5 {main}
2015-05-06 12:22:45 Error: Fatal Error (4): syntax error, unexpected '=', expecting ')' in [/var/www/html/cebu_is_cool/app/View/Users/add.ctp, line 7]
2015-05-06 12:22:45 Error: [FatalErrorException] syntax error, unexpected '=', expecting ')'
Request URL: /cebu_is_cool/users/add
Stack Trace:
#0 /var/www/html/cebu_is_cool/lib/Cake/Error/ErrorHandler.php(203): ErrorHandler::handleFatalError(4, 'syntax error, u...', '/var/www/html/c...', 7)
#1 [internal function]: ErrorHandler::handleError(4, 'syntax error, u...', '/var/www/html/c...', 7, Array)
#2 /var/www/html/cebu_is_cool/lib/Cake/Core/App.php(931): call_user_func('ErrorHandler::h...', 4, 'syntax error, u...', '/var/www/html/c...', 7, Array)
#3 /var/www/html/cebu_is_cool/lib/Cake/Core/App.php(904): App::_checkFatalError()
#4 [internal function]: App::shutdown()
#5 {main}
2015-05-06 12:45:30 Error: Fatal Error (4): syntax error, unexpected T_DOUBLE_ARROW in [/var/www/html/cebu_is_cool/app/View/Users/add.ctp, line 12]
2015-05-06 12:45:30 Error: [FatalErrorException] syntax error, unexpected T_DOUBLE_ARROW
Request URL: /cebu_is_cool/users/add
Stack Trace:
#0 /var/www/html/cebu_is_cool/lib/Cake/Error/ErrorHandler.php(203): ErrorHandler::handleFatalError(4, 'syntax error, u...', '/var/www/html/c...', 12)
#1 [internal function]: ErrorHandler::handleError(4, 'syntax error, u...', '/var/www/html/c...', 12, Array)
#2 /var/www/html/cebu_is_cool/lib/Cake/Core/App.php(931): call_user_func('ErrorHandler::h...', 4, 'syntax error, u...', '/var/www/html/c...', 12, Array)
#3 /var/www/html/cebu_is_cool/lib/Cake/Core/App.php(904): App::_checkFatalError()
#4 [internal function]: App::shutdown()
#5 {main}
2015-05-06 12:46:02 Error: Fatal Error (4): syntax error, unexpected T_DOUBLE_ARROW in [/var/www/html/cebu_is_cool/app/View/Users/add.ctp, line 12]
2015-05-06 12:46:02 Error: [FatalErrorException] syntax error, unexpected T_DOUBLE_ARROW
Request URL: /cebu_is_cool/users/add
Stack Trace:
#0 /var/www/html/cebu_is_cool/lib/Cake/Error/ErrorHandler.php(203): ErrorHandler::handleFatalError(4, 'syntax error, u...', '/var/www/html/c...', 12)
#1 [internal function]: ErrorHandler::handleError(4, 'syntax error, u...', '/var/www/html/c...', 12, Array)
#2 /var/www/html/cebu_is_cool/lib/Cake/Core/App.php(931): call_user_func('ErrorHandler::h...', 4, 'syntax error, u...', '/var/www/html/c...', 12, Array)
#3 /var/www/html/cebu_is_cool/lib/Cake/Core/App.php(904): App::_checkFatalError()
#4 [internal function]: App::shutdown()
#5 {main}
2015-05-07 09:59:15 Error: [MissingActionException] Action UsersController::ad() could not be found.
Exception Attributes: array (
  'controller' => 'UsersController',
  'action' => 'ad',
)
Request URL: /cebu_is_cool/users/ad
Stack Trace:
#0 /var/www/html/cebu_is_cool/lib/Cake/Routing/Dispatcher.php(191): Controller->invokeAction(Object(CakeRequest))
#1 /var/www/html/cebu_is_cool/lib/Cake/Routing/Dispatcher.php(165): Dispatcher->_invoke(Object(UsersController), Object(CakeRequest))
#2 /var/www/html/cebu_is_cool/app/webroot/index.php(108): Dispatcher->dispatch(Object(CakeRequest), Object(CakeResponse))
#3 {main}
2015-05-07 10:00:08 Error: [MissingControllerException] Controller class AddController could not be found.
Exception Attributes: array (
  'class' => 'AddController',
  'plugin' => NULL,
)
Request URL: /cebu_is_cool/add
Stack Trace:
#0 /var/www/html/cebu_is_cool/app/webroot/index.php(108): Dispatcher->dispatch(Object(CakeRequest), Object(CakeResponse))
#1 {main}
2015-05-07 10:12:51 Error: [MissingControllerException] Controller class LoginController could not be found.
Exception Attributes: array (
  'class' => 'LoginController',
  'plugin' => NULL,
)
Request URL: /cebu_is_cool/login
Stack Trace:
#0 /var/www/html/cebu_is_cool/app/webroot/index.php(108): Dispatcher->dispatch(Object(CakeRequest), Object(CakeResponse))
#1 {main}
2015-05-07 10:13:24 Error: [MissingControllerException] Controller class AddController could not be found.
Exception Attributes: array (
  'class' => 'AddController',
  'plugin' => NULL,
)
Request URL: /cebu_is_cool/add
Stack Trace:
#0 /var/www/html/cebu_is_cool/app/webroot/index.php(108): Dispatcher->dispatch(Object(CakeRequest), Object(CakeResponse))
#1 {main}
2015-05-07 10:31:28 Error: [MissingControllerException] Controller class CebuIsCoolController could not be found.
Exception Attributes: array (
  'class' => 'CebuIsCoolController',
  'plugin' => NULL,
)
Request URL: /cebu_is_cool/cebu_is_cool/users/login
Stack Trace:
#0 /var/www/html/cebu_is_cool/app/webroot/index.php(108): Dispatcher->dispatch(Object(CakeRequest), Object(CakeResponse))
#1 {main}
2015-05-07 11:07:17 Error: Fatal Error (4): syntax error, unexpected T_CONSTANT_ENCAPSED_STRING, expecting ')' in [/var/www/html/cebu_is_cool/app/View/Users/index.ctp, line 5]
2015-05-07 11:07:17 Error: [FatalErrorException] syntax error, unexpected T_CONSTANT_ENCAPSED_STRING, expecting ')'
Request URL: /cebu_is_cool/users
Stack Trace:
#0 /var/www/html/cebu_is_cool/lib/Cake/Error/ErrorHandler.php(203): ErrorHandler::handleFatalError(4, 'syntax error, u...', '/var/www/html/c...', 5)
#1 [internal function]: ErrorHandler::handleError(4, 'syntax error, u...', '/var/www/html/c...', 5, Array)
#2 /var/www/html/cebu_is_cool/lib/Cake/Core/App.php(931): call_user_func('ErrorHandler::h...', 4, 'syntax error, u...', '/var/www/html/c...', 5, Array)
#3 /var/www/html/cebu_is_cool/lib/Cake/Core/App.php(904): App::_checkFatalError()
#4 [internal function]: App::shutdown()
#5 {main}
2015-05-07 12:17:15 Error: [MissingActionException] Action UsersController::users() could not be found.
Exception Attributes: array (
  'controller' => 'UsersController',
  'action' => 'users',
)
Request URL: /cebu_is_cool/users/users
Stack Trace:
#0 /var/www/html/cebu_is_cool/lib/Cake/Routing/Dispatcher.php(191): Controller->invokeAction(Object(CakeRequest))
#1 /var/www/html/cebu_is_cool/lib/Cake/Routing/Dispatcher.php(165): Dispatcher->_invoke(Object(UsersController), Object(CakeRequest))
#2 /var/www/html/cebu_is_cool/app/webroot/index.php(108): Dispatcher->dispatch(Object(CakeRequest), Object(CakeResponse))
#3 {main}
2015-05-07 12:30:41 Error: [MissingActionException] Action UsersController::users() could not be found.
Exception Attributes: array (
  'controller' => 'UsersController',
  'action' => 'users',
)
Request URL: /cebu_is_cool/users/users/
Stack Trace:
#0 /var/www/html/cebu_is_cool/lib/Cake/Routing/Dispatcher.php(191): Controller->invokeAction(Object(CakeRequest))
#1 /var/www/html/cebu_is_cool/lib/Cake/Routing/Dispatcher.php(165): Dispatcher->_invoke(Object(UsersController), Object(CakeRequest))
#2 /var/www/html/cebu_is_cool/app/webroot/index.php(108): Dispatcher->dispatch(Object(CakeRequest), Object(CakeResponse))
#3 {main}
2015-05-07 12:52:25 Error: [MissingControllerException] Controller class CategoriesController could not be found.
Exception Attributes: array (
  'class' => 'CategoriesController',
  'plugin' => NULL,
)
Request URL: /cebu_is_cool/categories
Stack Trace:
#0 /var/www/html/cebu_is_cool/app/webroot/index.php(108): Dispatcher->dispatch(Object(CakeRequest), Object(CakeResponse))
#1 {main}
2015-05-08 12:19:49 Error: [MissingPluginException] Plugin UploadPack could not be found.
Exception Attributes: array (
  'plugin' => 'UploadPack',
)
Request URL: /cebu_is_cool/users/add
Stack Trace:
#0 /var/www/html/cebu_is_cool/lib/Cake/Core/App.php(227): CakePlugin::path('UploadPack')
#1 /var/www/html/cebu_is_cool/lib/Cake/Core/App.php(549): App::path('View/Helper', 'UploadPack')
#2 [internal function]: App::load('UploadHelper')
#3 [internal function]: spl_autoload_call('UploadHelper')
#4 /var/www/html/cebu_is_cool/lib/Cake/View/HelperCollection.php(130): class_exists('UploadHelper')
#5 /var/www/html/cebu_is_cool/lib/Cake/View/View.php(886): HelperCollection->load('UploadPack.Uplo...', Array)
#6 /var/www/html/cebu_is_cool/lib/Cake/View/View.php(354): View->loadHelpers()
#7 /var/www/html/cebu_is_cool/lib/Cake/Controller/Controller.php(1241): View->__construct(Object(UsersController))
#8 /var/www/html/cebu_is_cool/lib/Cake/Controller/Controller.php(940): Controller->_getViewObject()
#9 /var/www/html/cebu_is_cool/lib/Cake/Routing/Dispatcher.php(198): Controller->render()
#10 /var/www/html/cebu_is_cool/lib/Cake/Routing/Dispatcher.php(165): Dispatcher->_invoke(Object(UsersController), Object(CakeRequest))
#11 /var/www/html/cebu_is_cool/app/webroot/index.php(108): Dispatcher->dispatch(Object(CakeRequest), Object(CakeResponse))
#12 {main}
2015-05-08 12:20:01 Error: [MissingPluginException] Plugin UploadPack could not be found.
Exception Attributes: array (
  'plugin' => 'UploadPack',
)
Request URL: /cebu_is_cool/posts/add
Stack Trace:
#0 /var/www/html/cebu_is_cool/lib/Cake/Core/App.php(227): CakePlugin::path('UploadPack')
#1 /var/www/html/cebu_is_cool/lib/Cake/Core/App.php(549): App::path('View/Helper', 'UploadPack')
#2 [internal function]: App::load('UploadHelper')
#3 [internal function]: spl_autoload_call('UploadHelper')
#4 /var/www/html/cebu_is_cool/lib/Cake/View/HelperCollection.php(130): class_exists('UploadHelper')
#5 /var/www/html/cebu_is_cool/lib/Cake/View/View.php(886): HelperCollection->load('UploadPack.Uplo...', Array)
#6 /var/www/html/cebu_is_cool/lib/Cake/View/View.php(354): View->loadHelpers()
#7 /var/www/html/cebu_is_cool/lib/Cake/Controller/Controller.php(1241): View->__construct(Object(PostsController))
#8 /var/www/html/cebu_is_cool/lib/Cake/Controller/Controller.php(940): Controller->_getViewObject()
#9 /var/www/html/cebu_is_cool/lib/Cake/Routing/Dispatcher.php(198): Controller->render()
#10 /var/www/html/cebu_is_cool/lib/Cake/Routing/Dispatcher.php(165): Dispatcher->_invoke(Object(PostsController), Object(CakeRequest))
#11 /var/www/html/cebu_is_cool/app/webroot/index.php(108): Dispatcher->dispatch(Object(CakeRequest), Object(CakeResponse))
#12 {main}
2015-05-08 12:30:33 Error: [MissingPluginException] Plugin UploadPack could not be found.
Exception Attributes: array (
  'plugin' => 'UploadPack',
)
Request URL: /cebu_is_cool/posts/add
Stack Trace:
#0 /var/www/html/cebu_is_cool/lib/Cake/Core/App.php(227): CakePlugin::path('UploadPack')
#1 /var/www/html/cebu_is_cool/lib/Cake/Core/App.php(549): App::path('View/Helper', 'UploadPack')
#2 [internal function]: App::load('UploadHelper')
#3 [internal function]: spl_autoload_call('UploadHelper')
#4 /var/www/html/cebu_is_cool/lib/Cake/View/HelperCollection.php(130): class_exists('UploadHelper')
#5 /var/www/html/cebu_is_cool/lib/Cake/View/View.php(886): HelperCollection->load('UploadPack.Uplo...', Array)
#6 /var/www/html/cebu_is_cool/lib/Cake/View/View.php(354): View->loadHelpers()
#7 /var/www/html/cebu_is_cool/lib/Cake/Controller/Controller.php(1241): View->__construct(Object(PostsController))
#8 /var/www/html/cebu_is_cool/lib/Cake/Controller/Controller.php(940): Controller->_getViewObject()
#9 /var/www/html/cebu_is_cool/lib/Cake/Routing/Dispatcher.php(198): Controller->render()
#10 /var/www/html/cebu_is_cool/lib/Cake/Routing/Dispatcher.php(165): Dispatcher->_invoke(Object(PostsController), Object(CakeRequest))
#11 /var/www/html/cebu_is_cool/app/webroot/index.php(108): Dispatcher->dispatch(Object(CakeRequest), Object(CakeResponse))
#12 {main}
2015-05-08 12:33:08 Error: Fatal Error (4): syntax error, unexpected '&' in [/var/www/html/cebu_is_cool/app/View/Posts/add.ctp, line 9]
2015-05-08 12:33:08 Error: [FatalErrorException] syntax error, unexpected '&'
Request URL: /cebu_is_cool/posts/add
Stack Trace:
#0 /var/www/html/cebu_is_cool/lib/Cake/Error/ErrorHandler.php(203): ErrorHandler::handleFatalError(4, 'syntax error, u...', '/var/www/html/c...', 9)
#1 [internal function]: ErrorHandler::handleError(4, 'syntax error, u...', '/var/www/html/c...', 9, Array)
#2 /var/www/html/cebu_is_cool/lib/Cake/Core/App.php(931): call_user_func('ErrorHandler::h...', 4, 'syntax error, u...', '/var/www/html/c...', 9, Array)
#3 /var/www/html/cebu_is_cool/lib/Cake/Core/App.php(904): App::_checkFatalError()
#4 [internal function]: App::shutdown()
#5 {main}
2015-05-08 12:33:17 Error: Fatal Error (4): syntax error, unexpected '&' in [/var/www/html/cebu_is_cool/app/View/Posts/add.ctp, line 9]
2015-05-08 12:33:17 Error: [FatalErrorException] syntax error, unexpected '&'
Request URL: /cebu_is_cool/posts/add
Stack Trace:
#0 /var/www/html/cebu_is_cool/lib/Cake/Error/ErrorHandler.php(203): ErrorHandler::handleFatalError(4, 'syntax error, u...', '/var/www/html/c...', 9)
#1 [internal function]: ErrorHandler::handleError(4, 'syntax error, u...', '/var/www/html/c...', 9, Array)
#2 /var/www/html/cebu_is_cool/lib/Cake/Core/App.php(931): call_user_func('ErrorHandler::h...', 4, 'syntax error, u...', '/var/www/html/c...', 9, Array)
#3 /var/www/html/cebu_is_cool/lib/Cake/Core/App.php(904): App::_checkFatalError()
#4 [internal function]: App::shutdown()
#5 {main}
2015-05-11 10:14:30 Error: [MissingControllerException] Controller class AddController could not be found.
Exception Attributes: array (
  'class' => 'AddController',
  'plugin' => NULL,
)
Request URL: /cebu_is_cool/add
Stack Trace:
#0 /var/www/html/cebu_is_cool/app/webroot/index.php(108): Dispatcher->dispatch(Object(CakeRequest), Object(CakeResponse))
#1 {main}
2015-05-11 11:15:31 Error: [MissingControllerException] Controller class Hoge.jpgController could not be found.
Exception Attributes: array (
  'class' => 'Hoge.jpgController',
  'plugin' => NULL,
)
Request URL: /cebu_is_cool/hoge.jpg
Stack Trace:
#0 /var/www/html/cebu_is_cool/app/webroot/index.php(108): Dispatcher->dispatch(Object(CakeRequest), Object(CakeResponse))
#1 {main}
2015-05-11 11:40:00 Error: [MissingControllerException] Controller class UploadController could not be found.
Exception Attributes: array (
  'class' => 'UploadController',
  'plugin' => NULL,
)
Request URL: /cebu_is_cool/upload/posts/20/hoge_mini.jpg
Stack Trace:
#0 /var/www/html/cebu_is_cool/app/webroot/index.php(108): Dispatcher->dispatch(Object(CakeRequest), Object(CakeResponse))
#1 {main}
2015-05-11 11:41:41 Error: [MissingControllerException] Controller class AddController could not be found.
Exception Attributes: array (
  'class' => 'AddController',
  'plugin' => NULL,
)
Request URL: /cebu_is_cool/add
Stack Trace:
#0 /var/www/html/cebu_is_cool/app/webroot/index.php(108): Dispatcher->dispatch(Object(CakeRequest), Object(CakeResponse))
#1 {main}
